2022-11-15 00:18:31	/var/www/html/dokuwiki/lib/plugins/svgembed/syntax.php(207)	Error: Call to undefined function simplexml_load_file()
  #0 /var/www/html/dokuwiki/inc/parser/renderer.php(117): syntax_plugin_svgembed->render()
  #1 /var/www/html/dokuwiki/inc/parserutils.php(682): Doku_Renderer->plugin()
  #2 /var/www/html/dokuwiki/inc/Ui/PageView.php(56): p_render()
  #3 /var/www/html/dokuwiki/inc/Action/Preview.php(29): dokuwiki\Ui\PageView->show()
  #4 /var/www/html/dokuwiki/inc/template.php(100): dokuwiki\Action\Preview->tplContent()
  #5 [internal function]: tpl_content_core()
  #6 /var/www/html/dokuwiki/inc/Extension/Event.php(133): call_user_func_array()
  #7 /var/www/html/dokuwiki/inc/Extension/Event.php(199): dokuwiki\Extension\Event->trigger()
  #8 /var/www/html/dokuwiki/inc/template.php(85): dokuwiki\Extension\Event::createAndTrigger()
  #9 /var/www/html/dokuwiki/lib/tpl/dokuwiki/main.php(59): tpl_content()
  #10 /var/www/html/dokuwiki/inc/actions.php(27): include('...')
  #11 /var/www/html/dokuwiki/doku.php(126): act_dispatch()
  #12 {main}
2022-11-15 00:18:38	/var/www/html/dokuwiki/lib/plugins/svgembed/syntax.php(207)	Error: Call to undefined function simplexml_load_file()
  #0 /var/www/html/dokuwiki/inc/parser/renderer.php(117): syntax_plugin_svgembed->render()
  #1 /var/www/html/dokuwiki/inc/parserutils.php(682): Doku_Renderer->plugin()
  #2 /var/www/html/dokuwiki/inc/parserutils.php(149): p_render()
  #3 /var/www/html/dokuwiki/inc/parserutils.php(89): p_cached_output()
  #4 /var/www/html/dokuwiki/inc/Ui/PageView.php(68): p_wiki_xhtml()
  #5 /var/www/html/dokuwiki/inc/Action/Show.php(37): dokuwiki\Ui\PageView->show()
  #6 /var/www/html/dokuwiki/inc/template.php(100): dokuwiki\Action\Show->tplContent()
  #7 [internal function]: tpl_content_core()
  #8 /var/www/html/dokuwiki/inc/Extension/Event.php(133): call_user_func_array()
  #9 /var/www/html/dokuwiki/inc/Extension/Event.php(199): dokuwiki\Extension\Event->trigger()
  #10 /var/www/html/dokuwiki/inc/template.php(85): dokuwiki\Extension\Event::createAndTrigger()
  #11 /var/www/html/dokuwiki/lib/tpl/dokuwiki/main.php(59): tpl_content()
  #12 /var/www/html/dokuwiki/inc/actions.php(27): include('...')
  #13 /var/www/html/dokuwiki/doku.php(126): act_dispatch()
  #14 {main}
2022-11-15 00:18:44	/var/www/html/dokuwiki/lib/plugins/svgembed/syntax.php(207)	Error: Call to undefined function simplexml_load_file()
  #0 /var/www/html/dokuwiki/inc/parser/renderer.php(117): syntax_plugin_svgembed->render()
  #1 /var/www/html/dokuwiki/inc/parserutils.php(682): Doku_Renderer->plugin()
  #2 /var/www/html/dokuwiki/inc/Ui/PageView.php(56): p_render()
  #3 /var/www/html/dokuwiki/inc/Action/Preview.php(29): dokuwiki\Ui\PageView->show()
  #4 /var/www/html/dokuwiki/inc/template.php(100): dokuwiki\Action\Preview->tplContent()
  #5 [internal function]: tpl_content_core()
  #6 /var/www/html/dokuwiki/inc/Extension/Event.php(133): call_user_func_array()
  #7 /var/www/html/dokuwiki/inc/Extension/Event.php(199): dokuwiki\Extension\Event->trigger()
  #8 /var/www/html/dokuwiki/inc/template.php(85): dokuwiki\Extension\Event::createAndTrigger()
  #9 /var/www/html/dokuwiki/lib/tpl/dokuwiki/main.php(59): tpl_content()
  #10 /var/www/html/dokuwiki/inc/actions.php(27): include('...')
  #11 /var/www/html/dokuwiki/doku.php(126): act_dispatch()
  #12 {main}
2022-11-15 00:19:35	/var/www/html/dokuwiki/lib/plugins/svgembed/syntax.php(207)	Error: Call to undefined function simplexml_load_file()
  #0 /var/www/html/dokuwiki/inc/parser/renderer.php(117): syntax_plugin_svgembed->render()
  #1 /var/www/html/dokuwiki/inc/parserutils.php(682): Doku_Renderer->plugin()
  #2 /var/www/html/dokuwiki/inc/parserutils.php(149): p_render()
  #3 /var/www/html/dokuwiki/inc/parserutils.php(89): p_cached_output()
  #4 /var/www/html/dokuwiki/inc/Ui/PageView.php(68): p_wiki_xhtml()
  #5 /var/www/html/dokuwiki/inc/Action/Show.php(37): dokuwiki\Ui\PageView->show()
  #6 /var/www/html/dokuwiki/inc/template.php(100): dokuwiki\Action\Show->tplContent()
  #7 [internal function]: tpl_content_core()
  #8 /var/www/html/dokuwiki/inc/Extension/Event.php(133): call_user_func_array()
  #9 /var/www/html/dokuwiki/inc/Extension/Event.php(199): dokuwiki\Extension\Event->trigger()
  #10 /var/www/html/dokuwiki/inc/template.php(85): dokuwiki\Extension\Event::createAndTrigger()
  #11 /var/www/html/dokuwiki/lib/tpl/dokuwiki/main.php(59): tpl_content()
  #12 /var/www/html/dokuwiki/inc/actions.php(27): include('...')
  #13 /var/www/html/dokuwiki/doku.php(126): act_dispatch()
  #14 {main}
2022-11-15 00:19:48	/var/www/html/dokuwiki/lib/plugins/svgembed/syntax.php(207)	Error: Call to undefined function simplexml_load_file()
  #0 /var/www/html/dokuwiki/inc/parser/renderer.php(117): syntax_plugin_svgembed->render()
  #1 /var/www/html/dokuwiki/inc/parserutils.php(682): Doku_Renderer->plugin()
  #2 /var/www/html/dokuwiki/inc/parserutils.php(149): p_render()
  #3 /var/www/html/dokuwiki/inc/parserutils.php(89): p_cached_output()
  #4 /var/www/html/dokuwiki/inc/Ui/PageView.php(68): p_wiki_xhtml()
  #5 /var/www/html/dokuwiki/inc/Action/Show.php(37): dokuwiki\Ui\PageView->show()
  #6 /var/www/html/dokuwiki/inc/template.php(100): dokuwiki\Action\Show->tplContent()
  #7 [internal function]: tpl_content_core()
  #8 /var/www/html/dokuwiki/inc/Extension/Event.php(133): call_user_func_array()
  #9 /var/www/html/dokuwiki/inc/Extension/Event.php(199): dokuwiki\Extension\Event->trigger()
  #10 /var/www/html/dokuwiki/inc/template.php(85): dokuwiki\Extension\Event::createAndTrigger()
  #11 /var/www/html/dokuwiki/lib/tpl/dokuwiki/main.php(59): tpl_content()
  #12 /var/www/html/dokuwiki/inc/actions.php(27): include('...')
  #13 /var/www/html/dokuwiki/doku.php(126): act_dispatch()
  #14 {main}
